<?xml version="1.0" encoding="UTF-8"?>
<!-- Generated by org.testng.reporters.JUnitXMLReporter -->
<testsuite hostname="DESKTOP-6TCML79" ignored="0" name="Test" tests="6" failures="0" timestamp="08 Nov 2020 11:45:54 GMT" time="0.157" errors="0">
  <testcase name="logout" time="0.028" classname="mavenpractice.AppiumTest"/>
  <testcase name="mobilelogin" time="0.002" classname="mavenpractice.AppiumTest"/>
  <testcase name="jira" time="0.004" classname="mavenpractice.RestTest"/>
  <testcase name="work" time="0.004" classname="mavenpractice.RestTest"/>
  <testcase name="browser" time="0.003" classname="mavenpractice.seleniumTest"/>
  <testcase name="login" time="0.005" classname="mavenpractice.seleniumTest"/>
</testsuite> <!-- Test -->
