<?xml version="1.0" encoding="UTF-8"?>
<!-- Generated by org.testng.reporters.JUnitXMLReporter -->
<testsuite hostname="DESKTOP-6TCML79" name="Test" tests="7" failures="0" timestamp="3 Jul 2021 11:21:12 GMT" time="72.591" errors="0">
  <testcase name="logout" time="0.002" classname="mavenpractice.AppiumTest"/>
  <testcase name="mobilelogin" time="0.001" classname="mavenpractice.AppiumTest"/>
  <testcase name="jira" time="0.001" classname="mavenpractice.RestTest"/>
  <testcase name="work" time="0.0" classname="mavenpractice.RestTest"/>
  <testcase name="login" time="46.929" classname="mavenpractice.tablecount"/>
  <testcase name="browser" time="0.0" classname="mavenpractice.seleniumTest"/>
  <testcase name="login" time="0.001" classname="mavenpractice.seleniumTest"/>
</testsuite> <!-- Test -->
