<?xml version="1.0" encoding="UTF-8"?>
<testsuite xmlns:xsi="http://www.w3.org/2001/XMLSchema-instance" xsi:noNamespaceSchemaLocation="https://maven.apache.org/surefire/maven-surefire-plugin/xsd/surefire-test-report-3.0.xsd" version="3.0" name="TestSuite" time="75.761" tests="7" errors="0" skipped="0" failures="0">
  <properties>
[...]
</properties>
  <testcase name="logout" classname="mavenpractice.AppiumTest" time="0.007">
    <system-out><![CDATA[chrome
mobile logout
]]></system-out>
    <system-err><![CDATA[Starting ChromeDriver 91.0.4472.101 (af52a90bf87030dd1523486a1cd3ae25c5d76c9b-refs/branch-heads/4472@{#1462}) on port 40594
Only local connections are allowed.
Please see https://chromedriver.chromium.org/security-considerations for suggestions on keeping ChromeDriver safe.
ChromeDriver was started successfully.
Jul 03, 2021 4:20:23 AM org.openqa.selenium.remote.ProtocolHandshake createSession
INFO: Detected dialect: W3C
]]></system-err>
  </testcase>
  <testcase name="mobilelogin" classname="mavenpractice.AppiumTest" time="0.002">
    <system-out><![CDATA[mobile launched
]]></system-out>
  </testcase>
  <testcase name="jira" classname="mavenpractice.RestTest" time="0.005">
    <system-out><![CDATA[jira launched
]]></system-out>
  </testcase>
  <testcase name="work" classname="mavenpractice.RestTest" time="0.004">
    <system-out><![CDATA[rest api work launched
]]></system-out>
  </testcase>
  <testcase name="login" classname="mavenpractice.tablecount" time="46.786">
    <system-out><![CDATA[305585105130165190215235235Hello abc, Are you sure you want to confirm?]]></system-out>
  </testcase>
  <testcase name="browser" classname="mavenpractice.seleniumTest" time="0.005">
    <system-out><![CDATA[browser launched
]]></system-out>
  </testcase>
  <testcase name="login" classname="mavenpractice.seleniumTest" time="0.001">
    <system-out><![CDATA[seleium logout successfully
]]></system-out>
  </testcase>
</testsuite>