<?xml version="1.0" encoding="UTF-8"?>
<testng-results skipped="0" failed="0" ignored="0" total="1" passed="1">
  <reporter-output>
  </reporter-output>
  <suite name="Default suite" duration-ms="44178" started-at="2021-07-03T07:35:49Z" finished-at="2021-07-03T07:36:33Z">
    <groups>
    </groups>
    <test name="Default test" duration-ms="44178" started-at="2021-07-03T07:35:49Z" finished-at="2021-07-03T07:36:33Z">
      <class name="mavenpractice.tablecount">
        <test-method status="PASS" signature="initial()[pri:0, instance:mavenpractice.tablecount@bd1b6a]" name="initial" is-config="true" duration-ms="13016" started-at="2021-07-03T00:35:49Z" finished-at="2021-07-03T00:36:02Z">
          <reporter-output>
          </reporter-output>
        </test-method> <!-- initial -->
        <test-method status="PASS" signature="login()[pri:0, instance:mavenpractice.tablecount@bd1b6a]" name="login" duration-ms="30396" started-at="2021-07-03T00:36:02Z" finished-at="2021-07-03T00:36:33Z">
          <reporter-output>
          </reporter-output>
        </test-method> <!-- login -->
        <test-method status="PASS" signature="end()[pri:0, instance:mavenpractice.tablecount@bd1b6a]" name="end" is-config="true" duration-ms="701" started-at="2021-07-03T00:36:33Z" finished-at="2021-07-03T00:36:33Z">
          <reporter-output>
          </reporter-output>
        </test-method> <!-- end -->
      </class> <!-- mavenpractice.tablecount -->
    </test> <!-- Default test -->
  </suite> <!-- Default suite -->
</testng-results>
